<?xml version="1.0" encoding="UTF-8"?>
<testsuite name="com.whip.app.domain.CrossDomainInsightsTest" tests="2" skipped="0" failures="0" errors="0" timestamp="2026-09-11T01:56:03.816Z" hostname="beast" time="0.004">
  <properties/>
  <testcase name="correlationRequiresEnoughObservedDays" classname="com.whip.app.domain.CrossDomainInsightsTest" time="0.001"/>
  <testcase name="correlationReportsCoefficientAndSampleSize" classname="com.whip.app.domain.CrossDomainInsightsTest" time="0.003"/>
  <system-out><![CDATA[]]></system-out>
  <system-err><![CDATA[]]></system-err>
</testsuite>
