<?xml version='1.0' encoding='UTF-8' ?>
<testsuites tests="6" failures="2" errors="0" skipped="0" time="89.332" timestamp="2026-09-10T02:09:29" hostname="localhost">
  <testsuite name="com.whip.app.TrackDefinitionReviewJourneyE2ETest" tests="6" failures="2" errors="0" skipped="0" time="88.155" timestamp="2026-09-10T02:09:29" hostname="localhost">
    <properties>
      <property name="device" value="whip_api34(AVD) - 14" />
      <property name="flavor" value="" />
      <property name="project" value=":app" />
    </properties>
    <testcase name="parentValidationRevealsEveryFailedSaveAndAllowsCorrection" classname="com.whip.app.TrackDefinitionReviewJourneyE2ETest" time="15.475" />
    <testcase name="destructiveReviewPreservesReplacementAndRejectsChangedHistoryAtLargeText" classname="com.whip.app.TrackDefinitionReviewJourneyE2ETest" time="15.835" />
    <testcase name="normalizedAuthorshipCompletesExistingTrackSave" classname="com.whip.app.TrackDefinitionReviewJourneyE2ETest" time="15.696">
      <failure>java.lang.AssertionError: Failed to inject touch input.
Reason: Expected exactly '1' node but could not find any node that satisfies: (Text + InputText + EditableText contains 'Discard' (ignoreCase: false))

at androidx.compose.ui.test.SemanticsNodeInteraction.fetchOneOrThrow(SemanticsNodeInteraction.kt:178)
at androidx.compose.ui.test.SemanticsNodeInteraction.fetchOneOrThrow$default(SemanticsNodeInteraction.kt:150)
at androidx.compose.ui.test.SemanticsNodeInteraction.fetchSemanticsNode(SemanticsNodeInteraction.kt:84)
at androidx.compose.ui.test.ActionsKt.performTouchInput(Actions.kt:403)
at androidx.compose.ui.test.AndroidActions.performClickImpl(Actions.android.kt:23)
at androidx.compose.ui.test.ActionsKt.performClick(Actions.kt:61)
at com.whip.app.TrackDefinitionReviewJourneyE2ETest.normalization(TrackDefinitionReviewJourneyE2ETest.kt:122)
at com.whip.app.TrackDefinitionReviewJourneyE2ETest.normalizedAuthorshipCompletesExistingTrackSave(TrackDefinitionReviewJourneyE2ETest.kt:31)
</failure>
    </testcase>
    <testcase name="parentValidationRevealsEveryFailedSaveAndAllowsCorrectionAtLargeText" classname="com.whip.app.TrackDefinitionReviewJourneyE2ETest" time="12.048" />
    <testcase name="destructiveReviewPreservesReplacementAndRejectsChangedHistory" classname="com.whip.app.TrackDefinitionReviewJourneyE2ETest" time="13.509" />
    <testcase name="normalizedAuthorshipCompletesExistingTrackSaveAtLargeText" classname="com.whip.app.TrackDefinitionReviewJourneyE2ETest" time="15.592">
      <failure>java.lang.AssertionError: Failed to inject touch input.
Reason: Expected exactly '1' node but could not find any node that satisfies: (Text + InputText + EditableText contains 'Discard' (ignoreCase: false))

at androidx.compose.ui.test.SemanticsNodeInteraction.fetchOneOrThrow(SemanticsNodeInteraction.kt:178)
at androidx.compose.ui.test.SemanticsNodeInteraction.fetchOneOrThrow$default(SemanticsNodeInteraction.kt:150)
at androidx.compose.ui.test.SemanticsNodeInteraction.fetchSemanticsNode(SemanticsNodeInteraction.kt:84)
at androidx.compose.ui.test.ActionsKt.performTouchInput(Actions.kt:403)
at androidx.compose.ui.test.AndroidActions.performClickImpl(Actions.android.kt:23)
at androidx.compose.ui.test.ActionsKt.performClick(Actions.kt:61)
at com.whip.app.TrackDefinitionReviewJourneyE2ETest.normalization(TrackDefinitionReviewJourneyE2ETest.kt:122)
at com.whip.app.TrackDefinitionReviewJourneyE2ETest.normalizedAuthorshipCompletesExistingTrackSaveAtLargeText(TrackDefinitionReviewJourneyE2ETest.kt:33)
</failure>
    </testcase>
  </testsuite>
</testsuites>
