<?xml version='1.0' encoding='UTF-8' ?>
<testsuites tests="8" failures="0" errors="0" skipped="0" time="46.819" timestamp="2026-09-09T21:24:03" hostname="localhost">
  <testsuite name="com.whip.app.TrackDraftSavedStateJourneyTest" tests="2" failures="0" errors="0" skipped="0" time="45.328" timestamp="2026-09-09T21:24:03" hostname="localhost">
    <properties>
      <property name="device" value="whip_api34(AVD) - 14" />
      <property name="flavor" value="" />
      <property name="project" value=":app" />
    </properties>
    <testcase name="savedEntriesDoNotAccumulateDraftPayloadsInActivityState" classname="com.whip.app.TrackDraftSavedStateJourneyTest" time="35.249" />
    <testcase name="largeAcceptedEntryKeepsSavedStateWithinPlatformTransport" classname="com.whip.app.TrackDraftSavedStateJourneyTest" time="10.079" />
  </testsuite>
  <testsuite name="com.whip.app.ui.TrackEditorCheckpointTest" tests="6" failures="0" errors="0" skipped="0" time="0.51" timestamp="2026-09-09T21:24:03" hostname="localhost">
    <properties>
      <property name="device" value="whip_api34(AVD) - 14" />
      <property name="flavor" value="" />
      <property name="project" value=":app" />
    </properties>
    <testcase name="unchangedSavesReuseFilesAndFreshRestorePrunesOnlyOlderCheckpoints" classname="com.whip.app.ui.TrackEditorCheckpointTest" time="0.255" />
    <testcase name="corruptCheckpointShowsRecoveryFailureAndCanBeRetriedWithoutSubstitution" classname="com.whip.app.ui.TrackEditorCheckpointTest" time="0.051" />
    <testcase name="checkpointKeepsLongTextInvalidNumberAndEffectiveDateExactly" classname="com.whip.app.ui.TrackEditorCheckpointTest" time="0.052" />
    <testcase name="writeFailurePreservesLiveDraftAndCannotRecoverAnOlderValueAsCurrent" classname="com.whip.app.ui.TrackEditorCheckpointTest" time="0.076" />
    <testcase name="newOwnerRecoversExactDefinitionBoundaryAndAuthoredChoices" classname="com.whip.app.ui.TrackEditorCheckpointTest" time="0.0" />
    <testcase name="completionClearsBothHoldersAndOnlyItsOwnFiles" classname="com.whip.app.ui.TrackEditorCheckpointTest" time="0.076" />
  </testsuite>
</testsuites>