<?xml version='1.0' encoding='UTF-8' ?>
<testsuites tests="2" failures="2" errors="0" skipped="0" time="5.722" timestamp="2026-09-10T08:35:10" hostname="localhost">
  <testsuite name="com.whip.app.ReviewJourneyE2ETest" tests="2" failures="2" errors="0" skipped="0" time="4.65" timestamp="2026-09-10T08:35:10" hostname="localhost">
    <properties>
      <property name="device" value="whip_api34(AVD) - 14" />
      <property name="flavor" value="" />
      <property name="project" value=":app" />
    </properties>
    <testcase name="archivedTaskAndHabitOutcomesRemainInReviewHistory" classname="com.whip.app.ReviewJourneyE2ETest" time="2.809">
      <failure>java.lang.AssertionError: Action performScrollTo() failed.
Reason: Expected exactly '1' node but could not find any node that satisfies: (TestTag = 'home-destination-review')

at androidx.compose.ui.test.SemanticsNodeInteraction.fetchOneOrThrow(SemanticsNodeInteraction.kt:178)
at androidx.compose.ui.test.SemanticsNodeInteraction.fetchOneOrThrow$default(SemanticsNodeInteraction.kt:150)
at androidx.compose.ui.test.SemanticsNodeInteraction.fetchSemanticsNode(SemanticsNodeInteraction.kt:84)
at androidx.compose.ui.test.ActionsKt.performScrollTo(Actions.kt:82)
at com.whip.app.ReviewJourneyE2ETest.openReview(ReviewJourneyE2ETest.kt:73)
at com.whip.app.ReviewJourneyE2ETest.archivedTaskAndHabitOutcomesRemainInReviewHistory(ReviewJourneyE2ETest.kt:64)
</failure>
    </testcase>
    <testcase name="allTrackEvidenceKeepsItsScopeAcrossAreaReviewAndRecreation" classname="com.whip.app.ReviewJourneyE2ETest" time="1.841">
      <failure>java.lang.AssertionError: Action performScrollTo() failed.
Reason: Expected exactly '1' node but could not find any node that satisfies: (TestTag = 'home-destination-review')

at androidx.compose.ui.test.SemanticsNodeInteraction.fetchOneOrThrow(SemanticsNodeInteraction.kt:178)
at androidx.compose.ui.test.SemanticsNodeInteraction.fetchOneOrThrow$default(SemanticsNodeInteraction.kt:150)
at androidx.compose.ui.test.SemanticsNodeInteraction.fetchSemanticsNode(SemanticsNodeInteraction.kt:84)
at androidx.compose.ui.test.ActionsKt.performScrollTo(Actions.kt:82)
at com.whip.app.ReviewJourneyE2ETest.openReview(ReviewJourneyE2ETest.kt:73)
at com.whip.app.ReviewJourneyE2ETest.allTrackEvidenceKeepsItsScopeAcrossAreaReviewAndRecreation(ReviewJourneyE2ETest.kt:39)
</failure>
    </testcase>
  </testsuite>
</testsuites>
