<?xml version='1.0' encoding='UTF-8' ?>
<testsuites tests="1" failures="1" errors="0" skipped="0" time="22.254" timestamp="2026-09-10T03:23:26" hostname="localhost">
  <testsuite name="com.whip.app.TrackHistoryControlsJourneyE2ETest" tests="1" failures="1" errors="0" skipped="0" time="21.369" timestamp="2026-09-10T03:23:26" hostname="localhost">
    <properties>
      <property name="device" value="whip_api34(AVD) - 14" />
      <property name="flavor" value="" />
      <property name="project" value=":app" />
    </properties>
    <testcase name="pagedHistoryCanCombineAndRecoverFilters" classname="com.whip.app.TrackHistoryControlsJourneyE2ETest" time="21.369">
      <failure>java.lang.AssertionError: Action performScrollTo() failed.
Reason: Expected exactly '1' node but could not find any node that satisfies: (ContentDescription = 'Field: Entry Date' (ignoreCase: false))

at androidx.compose.ui.test.SemanticsNodeInteraction.fetchOneOrThrow(SemanticsNodeInteraction.kt:178)
at androidx.compose.ui.test.SemanticsNodeInteraction.fetchOneOrThrow$default(SemanticsNodeInteraction.kt:150)
at androidx.compose.ui.test.SemanticsNodeInteraction.fetchSemanticsNode(SemanticsNodeInteraction.kt:84)
at androidx.compose.ui.test.ActionsKt.performScrollTo(Actions.kt:82)
at com.whip.app.TrackHistoryControlsJourneyE2ETest.choose(TrackHistoryControlsJourneyE2ETest.kt:118)
at com.whip.app.TrackHistoryControlsJourneyE2ETest.filters(TrackHistoryControlsJourneyE2ETest.kt:59)
at com.whip.app.TrackHistoryControlsJourneyE2ETest.pagedHistoryCanCombineAndRecoverFilters(TrackHistoryControlsJourneyE2ETest.kt:30)
</failure>
    </testcase>
  </testsuite>
</testsuites>
