<?xml version='1.0' encoding='UTF-8' ?>
<testsuites tests="2" failures="0" errors="0" skipped="0" time="43.153" timestamp="2026-09-10T20:44:03" hostname="localhost">
  <testsuite name="com.whip.app.AdaptiveWhipScreenTest" tests="1" failures="0" errors="0" skipped="0" time="3.938" timestamp="2026-09-10T20:44:03" hostname="localhost">
    <properties>
      <property name="device" value="whip_api34(AVD) - 14" />
      <property name="flavor" value="" />
      <property name="project" value=":app" />
    </properties>
    <testcase name="expandedWorkspacesAlignChromeWithTheirDeclaredContentColumn" classname="com.whip.app.AdaptiveWhipScreenTest" time="3.938" />
  </testsuite>
  <testsuite name="com.whip.app.FiveThreeOneCycleJourneyE2ETest" tests="1" failures="0" errors="0" skipped="0" time="38.018" timestamp="2026-09-10T20:44:03" hostname="localhost">
    <properties>
      <property name="device" value="whip_api34(AVD) - 14" />
      <property name="flavor" value="" />
      <property name="project" value=":app" />
    </properties>
    <testcase name="fullCycleReviewsExplicitlyAndNextCycleKeepsOriginalPerformedHistory" classname="com.whip.app.FiveThreeOneCycleJourneyE2ETest" time="38.018" />
  </testsuite>
</testsuites>
