<?xml version='1.0' encoding='UTF-8' ?>
<testsuites tests="97" failures="0" errors="0" skipped="0" time="173.939" timestamp="2026-09-09T15:38:04" hostname="localhost">
  <testsuite name="com.whip.app.AdaptiveWhipScreenTest" tests="33" failures="0" errors="0" skipped="0" time="70.302" timestamp="2026-09-09T15:38:04" hostname="localhost">
    <properties>
      <property name="device" value="whip_api34(AVD) - 14" />
      <property name="flavor" value="" />
      <property name="project" value=":app" />
    </properties>
    <testcase name="sharedLoadingErrorRetryIsActionableAndNeverShowsFalseSuccess" classname="com.whip.app.AdaptiveWhipScreenTest" time="1.172" />
    <testcase name="bookFoldUsesHingeAwareSupportPaneAndPersistentNavigation" classname="com.whip.app.AdaptiveWhipScreenTest" time="3.622" />
    <testcase name="rtlBookFoldPlacesProductivityEditorInTheOppositeContentPane" classname="com.whip.app.AdaptiveWhipScreenTest" time="1.51" />
    <testcase name="bookFoldGoalAndTrackSupportEmptyStatesShareVerticalRhythm" classname="com.whip.app.AdaptiveWhipScreenTest" time="0.906" />
    <testcase name="tabletopFoldKeepsNavigationAndOverviewAboveTheHinge" classname="com.whip.app.AdaptiveWhipScreenTest" time="0.681" />
    <testcase name="productivityEditorsStayInsideTheContentPaneOnABookFold" classname="com.whip.app.AdaptiveWhipScreenTest" time="4.124" />
    <testcase name="shortLargeTextRailScrollsToEveryNamedDestination" classname="com.whip.app.AdaptiveWhipScreenTest" time="0.78" />
    <testcase name="newerTaskUndoSnackbarKeepsItsOwnRecoveryToken" classname="com.whip.app.AdaptiveWhipScreenTest" time="1.738" />
    <testcase name="expandedWorkspacesKeepSearchAndSettingsInOneSharedColumn" classname="com.whip.app.AdaptiveWhipScreenTest" time="2.144" />
    <testcase name="clearReturningHomeOffersAndOpensTheActualInbox" classname="com.whip.app.AdaptiveWhipScreenTest" time="1.084" />
    <testcase name="wideNavigationCentersTheCompleteDestinationGroup" classname="com.whip.app.AdaptiveWhipScreenTest" time="1.158" />
    <testcase name="enlargedTextKeepsEveryCompactPrimaryDestinationVisiblyNamed" classname="com.whip.app.AdaptiveWhipScreenTest" time="2.314" />
    <testcase name="bookFoldTrackSupportNeverShowsEmptyBeforeTheDomainSettles" classname="com.whip.app.AdaptiveWhipScreenTest" time="1.159" />
    <testcase name="expandedTrackSupportSeparatesLoadingFailureRetryAndRealZeroMeasurements" classname="com.whip.app.AdaptiveWhipScreenTest" time="1.394" />
    <testcase name="bookFoldGoalSupportPaneAndCardsShareOneUnconstrainedElapsedMetric" classname="com.whip.app.AdaptiveWhipScreenTest" time="5.125" />
    <testcase name="adaptiveHomeWaitsForVisibleDomainsBeforeShowingAStableEmptyState" classname="com.whip.app.AdaptiveWhipScreenTest" time="1.678" />
    <testcase name="missingDeepLinkTargetIsConsumedWithOneUnavailableMessage" classname="com.whip.app.AdaptiveWhipScreenTest" time="1.28" />
    <testcase name="compactGoalEditorRemainsReachableAtTwoHundredPercentText" classname="com.whip.app.AdaptiveWhipScreenTest" time="7.324" />
    <testcase name="compactHabitEditorRemainsReachableAtTwoHundredPercentText" classname="com.whip.app.AdaptiveWhipScreenTest" time="7.193" />
    <testcase name="expandedInnerDisplayKeepsOverviewBesidePrimaryContent" classname="com.whip.app.AdaptiveWhipScreenTest" time="1.057" />
    <testcase name="enlargedTextKeepsEveryRailDestinationVisiblyNamed" classname="com.whip.app.AdaptiveWhipScreenTest" time="2.317" />
    <testcase name="productivityAndGymWorkspaceNavigationStaysVisibleWhileLoadingOrFailed" classname="com.whip.app.AdaptiveWhipScreenTest" time="1.713" />
    <testcase name="adaptiveDestinationSupportSeparatesErrorLoadingAndRealEmpty" classname="com.whip.app.AdaptiveWhipScreenTest" time="1.234" />
    <testcase name="responsiveFieldPairsStackAtTwoHundredPercentText" classname="com.whip.app.AdaptiveWhipScreenTest" time="0.479" />
    <testcase name="expandedLayoutRetainsNavigationAndPaneInRtl" classname="com.whip.app.AdaptiveWhipScreenTest" time="0.784" />
    <testcase name="reviewUsesTheWholeWideCanvasAsAHingeAwareDashboard" classname="com.whip.app.AdaptiveWhipScreenTest" time="1.184" />
    <testcase name="compactTaskEditorRemainsReachableAtTwoHundredPercentText" classname="com.whip.app.AdaptiveWhipScreenTest" time="5.056" />
    <testcase name="bookFoldSupportTitlesUseReadableThemeContrast" classname="com.whip.app.AdaptiveWhipScreenTest" time="1.384" />
    <testcase name="everyPrimaryWorkspaceUsesTheSameHeaderAndNavigationGeometry" classname="com.whip.app.AdaptiveWhipScreenTest" time="4.027" />
    <testcase name="expandingContentPreservesSelectedTrackAndProvidesAHomeRoute" classname="com.whip.app.AdaptiveWhipScreenTest" time="1.435" />
    <testcase name="taskDetailsStayInsideTheContentPaneOnAFlatBookFold" classname="com.whip.app.AdaptiveWhipScreenTest" time="1.208" />
    <testcase name="compactNavigationMatchesTheRailAndKeepsWhipHomeReachable" classname="com.whip.app.AdaptiveWhipScreenTest" time="1.207" />
    <testcase name="homeSuppressesFalseEmptyStateAndOffersCompactDomainRetry" classname="com.whip.app.AdaptiveWhipScreenTest" time="0.831" />
  </testsuite>
  <testsuite name="com.whip.app.GlobalSearchRoutingTest" tests="2" failures="0" errors="0" skipped="0" time="25.778" timestamp="2026-09-09T15:38:04" hostname="localhost">
    <properties>
      <property name="device" value="whip_api34(AVD) - 14" />
      <property name="flavor" value="" />
      <property name="project" value=":app" />
    </properties>
    <testcase name="largeTextSearchRetainsQueryFiltersAndResultsAcrossRecreation" classname="com.whip.app.GlobalSearchRoutingTest" time="12.629" />
    <testcase name="everyNonTaskSearchDomainLandsOnTheExactActiveOrArchivedRecord" classname="com.whip.app.GlobalSearchRoutingTest" time="13.149" />
  </testsuite>
  <testsuite name="com.whip.app.TrackCsvImportIntegrityTest" tests="15" failures="0" errors="0" skipped="0" time="34.596" timestamp="2026-09-09T15:38:04" hostname="localhost">
    <properties>
      <property name="device" value="whip_api34(AVD) - 14" />
      <property name="flavor" value="" />
      <property name="project" value=":app" />
    </properties>
    <testcase name="previewSnapshotCannotBlessAFormMutationThatOccursBeforePreparation" classname="com.whip.app.TrackCsvImportIntegrityTest" time="0.102" />
    <testcase name="deterministicEntryCollisionWithoutReceiptFailsClosedAndPreservesTheCollidingFact" classname="com.whip.app.TrackCsvImportIntegrityTest" time="0.051" />
    <testcase name="malformedOrForgedSecondRowRollsBackTheWholeBatch" classname="com.whip.app.TrackCsvImportIntegrityTest" time="0.077" />
    <testcase name="reusedBatchWithChangedPayloadOrRowsRejectsButFreshBatchMayDuplicateContent" classname="com.whip.app.TrackCsvImportIntegrityTest" time="0.076" />
    <testcase name="missingTargetAndReusedNumericIdWithDifferentStableIdentityAreDistinguished" classname="com.whip.app.TrackCsvImportIntegrityTest" time="0.077" />
    <testcase name="requestAndCommittedReceiptIdentityTamperingFailClosedAcrossTheFullEnvelope" classname="com.whip.app.TrackCsvImportIntegrityTest" time="0.127" />
    <testcase name="emptyAndOverLimitDirectRepositoryCallsFailBeforeWriting" classname="com.whip.app.TrackCsvImportIntegrityTest" time="0.152" />
    <testcase name="concurrentExactRetrySerializesToOneCommitWithoutDuplicateRows" classname="com.whip.app.TrackCsvImportIntegrityTest" time="0.076" />
    <testcase name="archiveFieldChoiceAndUnitRacesRejectWithoutPartialImports" classname="com.whip.app.TrackCsvImportIntegrityTest" time="0.151" />
    <testcase name="firstCommitAndExactRetryReturnOneDurableReceiptAndOneBatchOfRows" classname="com.whip.app.TrackCsvImportIntegrityTest" time="0.127" />
    <testcase name="retryAfterEditDeleteAndAllDeleteNeverRewritesOrResurrectsCommittedHistory" classname="com.whip.app.TrackCsvImportIntegrityTest" time="0.102" />
    <testcase name="failureAfterTheFirstRowWritesRollsBackEntriesValuesSearchAndReceipt" classname="com.whip.app.TrackCsvImportIntegrityTest" time="0.051" />
    <testcase name="identicalRowsInOneBatchKeepDistinctDeterministicIdentities" classname="com.whip.app.TrackCsvImportIntegrityTest" time="0.077" />
    <testcase name="exactMaximumCellCustomUnitBatchRemainsBoundedSearchableAndIdempotent" classname="com.whip.app.TrackCsvImportIntegrityTest" time="33.324" />
    <testcase name="committedBatchIndexesAllRowsAndPersistsExactReceiptEntryAndValueCounts" classname="com.whip.app.TrackCsvImportIntegrityTest" time="0.026" />
  </testsuite>
  <testsuite name="com.whip.app.TrackDefinitionIntegrityTest" tests="9" failures="0" errors="0" skipped="0" time="0.437" timestamp="2026-09-09T15:38:04" hostname="localhost">
    <properties>
      <property name="device" value="whip_api34(AVD) - 14" />
      <property name="flavor" value="" />
      <property name="project" value=":app" />
    </properties>
    <testcase name="numberDimensionChangeWithHistoryRollsBackDefinitionAndSearch" classname="com.whip.app.TrackDefinitionIntegrityTest" time="0.051" />
    <testcase name="archivedUnitCanBeRetainedButCannotBeNewlySelected" classname="com.whip.app.TrackDefinitionIntegrityTest" time="0.052" />
    <testcase name="staleDefinitionCannotDeleteAFieldAddedByAnotherSave" classname="com.whip.app.TrackDefinitionIntegrityTest" time="0.026" />
    <testcase name="sameDimensionDefaultUnitCanChangeWithoutRewritingHistory" classname="com.whip.app.TrackDefinitionIntegrityTest" time="0.026" />
    <testcase name="nondestructiveSaveDoesNotConflictWithConcurrentEntryImport" classname="com.whip.app.TrackDefinitionIntegrityTest" time="0.051" />
    <testcase name="archivedAreaCanBeRetainedButCannotReceiveANewTrack" classname="com.whip.app.TrackDefinitionIntegrityTest" time="0.027" />
    <testcase name="sameCountValueEditInvalidatesFieldRemovalReviewAndRollsBackMetadata" classname="com.whip.app.TrackDefinitionIntegrityTest" time="0.076" />
    <testcase name="reviewedChoiceDeletionRejectsValueAddedAfterReviewAndPreservesEverything" classname="com.whip.app.TrackDefinitionIntegrityTest" time="0.102" />
    <testcase name="derivedAreaRenameDoesNotFalseConflictButAreaMoveDoes" classname="com.whip.app.TrackDefinitionIntegrityTest" time="0.026" />
  </testsuite>
  <testsuite name="com.whip.app.TrackEntryIntegrityTest" tests="14" failures="0" errors="0" skipped="0" time="0.769" timestamp="2026-09-09T15:38:04" hostname="localhost">
    <properties>
      <property name="device" value="whip_api34(AVD) - 14" />
      <property name="flavor" value="" />
      <property name="project" value=":app" />
    </properties>
    <testcase name="malformedTypePayloadAndChangedSelectedUnitAreRejectedWithoutRows" classname="com.whip.app.TrackEntryIntegrityTest" time="0.051" />
    <testcase name="staleDeleteRejectsAndMissingDeleteIsOutcomeUnknown" classname="com.whip.app.TrackEntryIntegrityTest" time="0.052" />
    <testcase name="updateAndDeleteRejectMissingReidentifiedParentsAndChangedFormsWithoutMutation" classname="com.whip.app.TrackEntryIntegrityTest" time="0.076" />
    <testcase name="restoreRetryRejectsSameEntryIdentityUnderReincarnatedTrack" classname="com.whip.app.TrackEntryIntegrityTest" time="0.052" />
    <testcase name="staleEntryUpdateRejectsWithoutErasingConcurrentOptionalValue" classname="com.whip.app.TrackEntryIntegrityTest" time="0.051" />
    <testcase name="restoreRejectsMissingReidentifiedParentAndDifferentEntryHistory" classname="com.whip.app.TrackEntryIntegrityTest" time="0.076" />
    <testcase name="committedCreateRetrySurvivesNewRequiredFieldAndArchive" classname="com.whip.app.TrackEntryIntegrityTest" time="0.051" />
    <testcase name="createRejectsBlankIdentityMissingOrChangedParentChangedFormAndArchivedTrack" classname="com.whip.app.TrackEntryIntegrityTest" time="0.077" />
    <testcase name="stableCreateIsIdempotentButDifferentContentOrTrackCollidesAndFreshIdentityDuplicates" classname="com.whip.app.TrackEntryIntegrityTest" time="0.026" />
    <testcase name="everyEntryValueTypeRoundTripsThroughPreparationMutationAndUndo" classname="com.whip.app.TrackEntryIntegrityTest" time="0.051" />
    <testcase name="undoAllowsUnitRenameAndArchiveButRejectsConversionChange" classname="com.whip.app.TrackEntryIntegrityTest" time="0.052" />
    <testcase name="restoreRejectsMalformedSnapshotAndLiveValueIdentityCollisionAtomically" classname="com.whip.app.TrackEntryIntegrityTest" time="0.051" />
    <testcase name="restoreValidatesChoiceAndScaleBeforeWriting" classname="com.whip.app.TrackEntryIntegrityTest" time="0.052" />
    <testcase name="achievedUpdateRetryWinsBeforeLaterFormChangeAndArchiveButNewMutationDoesNot" classname="com.whip.app.TrackEntryIntegrityTest" time="0.051" />
  </testsuite>
  <testsuite name="com.whip.app.TrackInsightsJourneyE2ETest" tests="2" failures="0" errors="0" skipped="0" time="13.017" timestamp="2026-09-09T15:38:04" hostname="localhost">
    <properties>
      <property name="device" value="whip_api34(AVD) - 14" />
      <property name="flavor" value="" />
      <property name="project" value=":app" />
    </properties>
    <testcase name="temperatureAndFineScaleInsightsPreserveReadingsWithoutTotals" classname="com.whip.app.TrackInsightsJourneyE2ETest" time="6.684" />
    <testcase name="mixedDistanceUnitsUseTheFieldUnitAndPrecisionAcrossInsights" classname="com.whip.app.TrackInsightsJourneyE2ETest" time="6.333" />
  </testsuite>
  <testsuite name="com.whip.app.TrackRepositoryTest" tests="11" failures="0" errors="0" skipped="0" time="1.844" timestamp="2026-09-09T15:38:04" hostname="localhost">
    <properties>
      <property name="device" value="whip_api34(AVD) - 14" />
      <property name="flavor" value="" />
      <property name="project" value=":app" />
    </properties>
    <testcase name="csvSizeGuardCountsAsciiTwoByteThreeByteAndSurrogateUtf8Exactly" classname="com.whip.app.TrackRepositoryTest" time="0.0" />
    <testcase name="crudSearchCsvAndDestructiveChoiceConfirmationPreserveIdentity" classname="com.whip.app.TrackRepositoryTest" time="0.127" />
    <testcase name="replacingAChoiceRetargetsEntriesWithoutChangingTheirIdentity" classname="com.whip.app.TrackRepositoryTest" time="0.076" />
    <testcase name="csvExportEscapesAndFormatsEveryValueTypeAtItsExactUtf8Boundary" classname="com.whip.app.TrackRepositoryTest" time="0.026" />
    <testcase name="identityOnlyEditSkipsSchemaInvalidation" classname="com.whip.app.TrackRepositoryTest" time="0.051" />
    <testcase name="reorderNormalizesOmittedArchivedTracksWithoutDuplicatePositions" classname="com.whip.app.TrackRepositoryTest" time="0.026" />
    <testcase name="projectionsNeverExposeATrackBeforeItsRequiredFields" classname="com.whip.app.TrackRepositoryTest" time="0.026" />
    <testcase name="largeTrackHistoryIsReadThroughStableBoundedRepositoryPages" classname="com.whip.app.TrackRepositoryTest" time="1.383" />
    <testcase name="duplicatePreservesCompleteTypedDefinitionWithFreshIdentitiesAndNoHistory" classname="com.whip.app.TrackRepositoryTest" time="0.052" />
    <testcase name="compositeEntryIdentityAndInlineLabelRoundTripWithoutSilentClearing" classname="com.whip.app.TrackRepositoryTest" time="0.026" />
    <testcase name="fractionalScaleRoundTripsThroughStorageCsvAnalyticsAndSchemaEdits" classname="com.whip.app.TrackRepositoryTest" time="0.051" />
  </testsuite>
  <testsuite name="com.whip.app.TrackWorkspaceUiTest" tests="7" failures="0" errors="0" skipped="0" time="11.535" timestamp="2026-09-09T15:38:04" hostname="localhost">
    <properties>
      <property name="device" value="whip_api34(AVD) - 14" />
      <property name="flavor" value="" />
      <property name="project" value=":app" />
    </properties>
    <testcase name="trackSelectionUsesOneCheckboxSemanticOwner" classname="com.whip.app.TrackWorkspaceUiTest" time="0.756" />
    <testcase name="tracksAndEntriesHaveOneExplicitSearchOwnerAndArchivedResultsReturnToArchive" classname="com.whip.app.TrackWorkspaceUiTest" time="4.435" />
    <testcase name="activityFiltersAndCrossTrackInsightsUseVisibleTrackData" classname="com.whip.app.TrackWorkspaceUiTest" time="2.994" />
    <testcase name="adaptiveMasterPaneReorderKeepsItsDedicatedControls" classname="com.whip.app.TrackWorkspaceUiTest" time="0.554" />
    <testcase name="tracksWorkspaceRemainsNavigableInRtlAtTwoHundredPercentText" classname="com.whip.app.TrackWorkspaceUiTest" time="1.032" />
    <testcase name="archivedTrackSummaryOmitsUnavailableAddAction" classname="com.whip.app.TrackWorkspaceUiTest" time="0.606" />
    <testcase name="trackSummaryRowsKeepLatestAddAndEditActions" classname="com.whip.app.TrackWorkspaceUiTest" time="1.158" />
  </testsuite>
  <testsuite name="com.whip.app.WhipNavigationTest" tests="4" failures="0" errors="0" skipped="0" time="14.542" timestamp="2026-09-09T15:38:04" hostname="localhost">
    <properties>
      <property name="device" value="whip_api34(AVD) - 14" />
      <property name="flavor" value="" />
      <property name="project" value=":app" />
    </properties>
    <testcase name="switchingPrimaryAreasPreservesEachAreasLastHeading" classname="com.whip.app.WhipNavigationTest" time="1.886" />
    <testcase name="primaryAreasAndAccessibleTopActionsAreReachable" classname="com.whip.app.WhipNavigationTest" time="3.247" />
    <testcase name="everyFirstClassDestinationIsReachableThroughVisibleNavigation" classname="com.whip.app.WhipNavigationTest" time="7.568" />
    <testcase name="homeEntityInspectorsPreserveTheHomeDestination" classname="com.whip.app.WhipNavigationTest" time="1.841" />
  </testsuite>
</testsuites>