<?xml version="1.0" encoding="UTF-8"?>
<testsuite name="com.whip.app.ui.ReviewOutcomesTest" tests="4" skipped="0" failures="0" errors="0" timestamp="2026-09-10T22:01:01.615Z" hostname="beast" time="0.01">
  <properties/>
  <testcase name="positiveNormalizedProgressNeverReadsAsZero" classname="com.whip.app.ui.ReviewOutcomesTest" time="0.003"/>
  <testcase name="rawHabitIncrementsBecomeOneOutcomeOnlyWhenThePeriodTargetIsReached" classname="com.whip.app.ui.ReviewOutcomesTest" time="0.005"/>
  <testcase name="taskOutcomesKeepCompletionDatesOccurrenceKeysAndAreaScopeAcrossArchive" classname="com.whip.app.ui.ReviewOutcomesTest" time="0.001"/>
  <testcase name="multipleGoalEntriesContributeOneNormalizedDailyGain" classname="com.whip.app.ui.ReviewOutcomesTest" time="0.001"/>
  <system-out><![CDATA[]]></system-out>
  <system-err><![CDATA[]]></system-err>
</testsuite>
