<?xml version='1.0' encoding='UTF-8' ?>
<testsuites tests="52" failures="0" errors="0" skipped="0" time="422.512" timestamp="2026-09-10T21:50:26" hostname="localhost">
  <testsuite name="com.whip.app.GymLibraryJourneyE2ETest" tests="3" failures="0" errors="0" skipped="0" time="72.057" timestamp="2026-09-10T21:50:26" hostname="localhost">
    <properties>
      <property name="device" value="whip_api34(AVD) - 14" />
      <property name="flavor" value="" />
      <property name="project" value=":app" />
    </properties>
    <testcase name="exerciseAndCategoryEditsReorderAndArchivePreserveLinksAndHistory" classname="com.whip.app.GymLibraryJourneyE2ETest" time="40.878" />
    <testcase name="equipmentSearchAndFilterIncludeEveryLinkedExercise" classname="com.whip.app.GymLibraryJourneyE2ETest" time="14.166" />
    <testcase name="machineEditArchiveAndNewVersionKeepCompletedWorkoutSnapshots" classname="com.whip.app.GymLibraryJourneyE2ETest" time="17.013" />
  </testsuite>
  <testsuite name="com.whip.app.RecordItemBuilderJourneyE2ETest" tests="1" failures="0" errors="0" skipped="0" time="14.3" timestamp="2026-09-10T21:50:26" hostname="localhost">
    <properties>
      <property name="device" value="whip_api34(AVD) - 14" />
      <property name="flavor" value="" />
      <property name="project" value=":app" />
    </properties>
    <testcase name="recordsKeepTheirReadingOrderAndExactActions" classname="com.whip.app.RecordItemBuilderJourneyE2ETest" time="14.3" />
  </testsuite>
  <testsuite name="com.whip.app.ReviewOutcomeJourneyE2ETest" tests="5" failures="0" errors="0" skipped="0" time="29.944" timestamp="2026-09-10T21:50:26" hostname="localhost">
    <properties>
      <property name="device" value="whip_api34(AVD) - 14" />
      <property name="flavor" value="" />
      <property name="project" value=":app" />
    </properties>
    <testcase name="archivedTaskOutcomesOpenTheirOriginalTask" classname="com.whip.app.ReviewOutcomeJourneyE2ETest" time="6.236" />
    <testcase name="mixedTaskHistoryKeepsAreaScopeAndDistinctOccurrences" classname="com.whip.app.ReviewOutcomeJourneyE2ETest" time="5.906" />
    <testcase name="archivedGoalProgressOpensItsOriginalGoal" classname="com.whip.app.ReviewOutcomeJourneyE2ETest" time="6.286" />
    <testcase name="archivedHabitOutcomesOpenTheirOriginalHabit" classname="com.whip.app.ReviewOutcomeJourneyE2ETest" time="5.959" />
    <testcase name="finishedWorkoutOutcomesOpenTheirOriginalSession" classname="com.whip.app.ReviewOutcomeJourneyE2ETest" time="5.557" />
  </testsuite>
  <testsuite name="com.whip.app.TrackCollectionJourneyE2ETest" tests="4" failures="0" errors="0" skipped="0" time="38.91" timestamp="2026-09-10T21:50:26" hostname="localhost">
    <properties>
      <property name="device" value="whip_api34(AVD) - 14" />
      <property name="flavor" value="" />
      <property name="project" value=":app" />
    </properties>
    <testcase name="archivedAndActiveSelectionsStaySeparate" classname="com.whip.app.TrackCollectionJourneyE2ETest" time="7.8" />
    <testcase name="areaChangesKeepOnlyVisibleSelection" classname="com.whip.app.TrackCollectionJourneyE2ETest" time="10.403" />
    <testcase name="areaChangesKeepOnlyVisibleSelectionAtLargeText" classname="com.whip.app.TrackCollectionJourneyE2ETest" time="11.912" />
    <testcase name="archivedAndActiveSelectionsStaySeparateAtLargeText" classname="com.whip.app.TrackCollectionJourneyE2ETest" time="8.795" />
  </testsuite>
  <testsuite name="com.whip.app.TrackCsvImportIntegrityTest" tests="15" failures="0" errors="0" skipped="0" time="40.544" timestamp="2026-09-10T21:50:26" hostname="localhost">
    <properties>
      <property name="device" value="whip_api34(AVD) - 14" />
      <property name="flavor" value="" />
      <property name="project" value=":app" />
    </properties>
    <testcase name="previewSnapshotCannotBlessAFormMutationThatOccursBeforePreparation" classname="com.whip.app.TrackCsvImportIntegrityTest" time="0.252" />
    <testcase name="deterministicEntryCollisionWithoutReceiptFailsClosedAndPreservesTheCollidingFact" classname="com.whip.app.TrackCsvImportIntegrityTest" time="0.077" />
    <testcase name="malformedOrForgedSecondRowRollsBackTheWholeBatch" classname="com.whip.app.TrackCsvImportIntegrityTest" time="0.101" />
    <testcase name="reusedBatchWithChangedPayloadOrRowsRejectsButFreshBatchMayDuplicateContent" classname="com.whip.app.TrackCsvImportIntegrityTest" time="0.253" />
    <testcase name="missingTargetAndReusedNumericIdWithDifferentStableIdentityAreDistinguished" classname="com.whip.app.TrackCsvImportIntegrityTest" time="0.102" />
    <testcase name="requestAndCommittedReceiptIdentityTamperingFailClosedAcrossTheFullEnvelope" classname="com.whip.app.TrackCsvImportIntegrityTest" time="0.101" />
    <testcase name="emptyAndOverLimitDirectRepositoryCallsFailBeforeWriting" classname="com.whip.app.TrackCsvImportIntegrityTest" time="0.152" />
    <testcase name="concurrentExactRetrySerializesToOneCommitWithoutDuplicateRows" classname="com.whip.app.TrackCsvImportIntegrityTest" time="0.102" />
    <testcase name="archiveFieldChoiceAndUnitRacesRejectWithoutPartialImports" classname="com.whip.app.TrackCsvImportIntegrityTest" time="0.152" />
    <testcase name="firstCommitAndExactRetryReturnOneDurableReceiptAndOneBatchOfRows" classname="com.whip.app.TrackCsvImportIntegrityTest" time="0.076" />
    <testcase name="retryAfterEditDeleteAndAllDeleteNeverRewritesOrResurrectsCommittedHistory" classname="com.whip.app.TrackCsvImportIntegrityTest" time="0.127" />
    <testcase name="failureAfterTheFirstRowWritesRollsBackEntriesValuesSearchAndReceipt" classname="com.whip.app.TrackCsvImportIntegrityTest" time="0.102" />
    <testcase name="identicalRowsInOneBatchKeepDistinctDeterministicIdentities" classname="com.whip.app.TrackCsvImportIntegrityTest" time="0.102" />
    <testcase name="exactMaximumCellCustomUnitBatchRemainsBoundedSearchableAndIdempotent" classname="com.whip.app.TrackCsvImportIntegrityTest" time="38.819" />
    <testcase name="committedBatchIndexesAllRowsAndPersistsExactReceiptEntryAndValueCounts" classname="com.whip.app.TrackCsvImportIntegrityTest" time="0.026" />
  </testsuite>
  <testsuite name="com.whip.app.TrackCsvJourneyE2ETest" tests="4" failures="0" errors="0" skipped="0" time="94.508" timestamp="2026-09-10T21:50:26" hostname="localhost">
    <properties>
      <property name="device" value="whip_api34(AVD) - 14" />
      <property name="flavor" value="" />
      <property name="project" value=":app" />
    </properties>
    <testcase name="csvValuesCanBeReviewedRemappedRecoveredAndImported" classname="com.whip.app.TrackCsvJourneyE2ETest" time="19.966" />
    <testcase name="invalidFileCanBeReplacedWithoutImportingPartialRowsAtLargeText" classname="com.whip.app.TrackCsvJourneyE2ETest" time="27.39" />
    <testcase name="csvValuesCanBeReviewedRemappedRecoveredAndImportedAtLargeText" classname="com.whip.app.TrackCsvJourneyE2ETest" time="21.815" />
    <testcase name="invalidFileCanBeReplacedWithoutImportingPartialRows" classname="com.whip.app.TrackCsvJourneyE2ETest" time="25.337" />
  </testsuite>
  <testsuite name="com.whip.app.TrackDefinitionIntegrityTest" tests="9" failures="0" errors="0" skipped="0" time="0.567" timestamp="2026-09-10T21:50:26" hostname="localhost">
    <properties>
      <property name="device" value="whip_api34(AVD) - 14" />
      <property name="flavor" value="" />
      <property name="project" value=":app" />
    </properties>
    <testcase name="numberDimensionChangeWithHistoryRollsBackDefinitionAndSearch" classname="com.whip.app.TrackDefinitionIntegrityTest" time="0.104" />
    <testcase name="archivedUnitCanBeRetainedButCannotBeNewlySelected" classname="com.whip.app.TrackDefinitionIntegrityTest" time="0.052" />
    <testcase name="staleDefinitionCannotDeleteAFieldAddedByAnotherSave" classname="com.whip.app.TrackDefinitionIntegrityTest" time="0.051" />
    <testcase name="sameDimensionDefaultUnitCanChangeWithoutRewritingHistory" classname="com.whip.app.TrackDefinitionIntegrityTest" time="0.052" />
    <testcase name="nondestructiveSaveDoesNotConflictWithConcurrentEntryImport" classname="com.whip.app.TrackDefinitionIntegrityTest" time="0.051" />
    <testcase name="archivedAreaCanBeRetainedButCannotReceiveANewTrack" classname="com.whip.app.TrackDefinitionIntegrityTest" time="0.077" />
    <testcase name="sameCountValueEditInvalidatesFieldRemovalReviewAndRollsBackMetadata" classname="com.whip.app.TrackDefinitionIntegrityTest" time="0.076" />
    <testcase name="reviewedChoiceDeletionRejectsValueAddedAfterReviewAndPreservesEverything" classname="com.whip.app.TrackDefinitionIntegrityTest" time="0.052" />
    <testcase name="derivedAreaRenameDoesNotFalseConflictButAreaMoveDoes" classname="com.whip.app.TrackDefinitionIntegrityTest" time="0.052" />
  </testsuite>
  <testsuite name="com.whip.app.TrackDefinitionReviewJourneyE2ETest" tests="6" failures="0" errors="0" skipped="0" time="78.944" timestamp="2026-09-10T21:50:26" hostname="localhost">
    <properties>
      <property name="device" value="whip_api34(AVD) - 14" />
      <property name="flavor" value="" />
      <property name="project" value=":app" />
    </properties>
    <testcase name="parentValidationRevealsEveryFailedSaveAndAllowsCorrection" classname="com.whip.app.TrackDefinitionReviewJourneyE2ETest" time="11.492" />
    <testcase name="destructiveReviewPreservesReplacementAndRejectsChangedHistoryAtLargeText" classname="com.whip.app.TrackDefinitionReviewJourneyE2ETest" time="13.271" />
    <testcase name="normalizedAuthorshipCompletesExistingTrackSave" classname="com.whip.app.TrackDefinitionReviewJourneyE2ETest" time="14.414" />
    <testcase name="parentValidationRevealsEveryFailedSaveAndAllowsCorrectionAtLargeText" classname="com.whip.app.TrackDefinitionReviewJourneyE2ETest" time="11.772" />
    <testcase name="destructiveReviewPreservesReplacementAndRejectsChangedHistory" classname="com.whip.app.TrackDefinitionReviewJourneyE2ETest" time="12.724" />
    <testcase name="normalizedAuthorshipCompletesExistingTrackSaveAtLargeText" classname="com.whip.app.TrackDefinitionReviewJourneyE2ETest" time="15.271" />
  </testsuite>
  <testsuite name="com.whip.app.TrackDraftRecoveryUiTest" tests="2" failures="0" errors="0" skipped="0" time="9.94" timestamp="2026-09-10T21:50:26" hostname="localhost">
    <properties>
      <property name="device" value="whip_api34(AVD) - 14" />
      <property name="flavor" value="" />
      <property name="project" value=":app" />
    </properties>
    <testcase name="recoveryNoticesRemainReadableAtLargeText" classname="com.whip.app.TrackDraftRecoveryUiTest" time="5.138" />
    <testcase name="recoveryNoticesDistinguishLiveAndUnavailableDrafts" classname="com.whip.app.TrackDraftRecoveryUiTest" time="4.802" />
  </testsuite>
  <testsuite name="com.whip.app.TrackDraftSavedStateJourneyTest" tests="3" failures="0" errors="0" skipped="0" time="41.694" timestamp="2026-09-10T21:50:26" hostname="localhost">
    <properties>
      <property name="device" value="whip_api34(AVD) - 14" />
      <property name="flavor" value="" />
      <property name="project" value=":app" />
    </properties>
    <testcase name="savedEntriesDoNotAccumulateDraftPayloadsInActivityState" classname="com.whip.app.TrackDraftSavedStateJourneyTest" time="30.778" />
    <testcase name="rowDeletionReviewKeepsSavedStateWithinPlatformTransport" classname="com.whip.app.TrackDraftSavedStateJourneyTest" time="2.165" />
    <testcase name="largeAcceptedEntryKeepsSavedStateWithinPlatformTransport" classname="com.whip.app.TrackDraftSavedStateJourneyTest" time="8.751" />
  </testsuite>
</testsuites>
