<?xml version='1.0' encoding='UTF-8' ?>
<testsuites tests="19" failures="0" errors="0" skipped="0" time="65.211" timestamp="2026-09-09T22:37:16" hostname="localhost">
  <testsuite name="com.whip.app.TrackDraftSavedStateJourneyTest" tests="3" failures="0" errors="0" skipped="0" time="45.997" timestamp="2026-09-09T22:37:16" hostname="localhost">
    <properties>
      <property name="device" value="whip_api34(AVD) - 14" />
      <property name="flavor" value="" />
      <property name="project" value=":app" />
    </properties>
    <testcase name="savedEntriesDoNotAccumulateDraftPayloadsInActivityState" classname="com.whip.app.TrackDraftSavedStateJourneyTest" time="33.275" />
    <testcase name="rowDeletionReviewKeepsSavedStateWithinPlatformTransport" classname="com.whip.app.TrackDraftSavedStateJourneyTest" time="2.869" />
    <testcase name="largeAcceptedEntryKeepsSavedStateWithinPlatformTransport" classname="com.whip.app.TrackDraftSavedStateJourneyTest" time="9.853" />
  </testsuite>
  <testsuite name="com.whip.app.TrackEntryIntegrityTest" tests="14" failures="0" errors="0" skipped="0" time="1.272" timestamp="2026-09-09T22:37:16" hostname="localhost">
    <properties>
      <property name="device" value="whip_api34(AVD) - 14" />
      <property name="flavor" value="" />
      <property name="project" value=":app" />
    </properties>
    <testcase name="malformedTypePayloadAndChangedSelectedUnitAreRejectedWithoutRows" classname="com.whip.app.TrackEntryIntegrityTest" time="0.126" />
    <testcase name="staleDeleteRejectsAndMissingDeleteIsOutcomeUnknown" classname="com.whip.app.TrackEntryIntegrityTest" time="0.101" />
    <testcase name="updateAndDeleteRejectMissingReidentifiedParentsAndChangedFormsWithoutMutation" classname="com.whip.app.TrackEntryIntegrityTest" time="0.102" />
    <testcase name="restoreRetryRejectsSameEntryIdentityUnderReincarnatedTrack" classname="com.whip.app.TrackEntryIntegrityTest" time="0.127" />
    <testcase name="staleEntryUpdateRejectsWithoutErasingConcurrentOptionalValue" classname="com.whip.app.TrackEntryIntegrityTest" time="0.077" />
    <testcase name="restoreRejectsMissingReidentifiedParentAndDifferentEntryHistory" classname="com.whip.app.TrackEntryIntegrityTest" time="0.127" />
    <testcase name="committedCreateRetrySurvivesNewRequiredFieldAndArchive" classname="com.whip.app.TrackEntryIntegrityTest" time="0.052" />
    <testcase name="createRejectsBlankIdentityMissingOrChangedParentChangedFormAndArchivedTrack" classname="com.whip.app.TrackEntryIntegrityTest" time="0.102" />
    <testcase name="stableCreateIsIdempotentButDifferentContentOrTrackCollidesAndFreshIdentityDuplicates" classname="com.whip.app.TrackEntryIntegrityTest" time="0.076" />
    <testcase name="everyEntryValueTypeRoundTripsThroughPreparationMutationAndUndo" classname="com.whip.app.TrackEntryIntegrityTest" time="0.102" />
    <testcase name="undoAllowsUnitRenameAndArchiveButRejectsConversionChange" classname="com.whip.app.TrackEntryIntegrityTest" time="0.076" />
    <testcase name="restoreRejectsMalformedSnapshotAndLiveValueIdentityCollisionAtomically" classname="com.whip.app.TrackEntryIntegrityTest" time="0.076" />
    <testcase name="restoreValidatesChoiceAndScaleBeforeWriting" classname="com.whip.app.TrackEntryIntegrityTest" time="0.077" />
    <testcase name="achievedUpdateRetryWinsBeforeLaterFormChangeAndArchiveButNewMutationDoesNot" classname="com.whip.app.TrackEntryIntegrityTest" time="0.051" />
  </testsuite>
  <testsuite name="com.whip.app.ui.TrackEntryDeleteRecoveryUiTest" tests="2" failures="0" errors="0" skipped="0" time="16.576" timestamp="2026-09-09T22:37:16" hostname="localhost">
    <properties>
      <property name="device" value="whip_api34(AVD) - 14" />
      <property name="flavor" value="" />
      <property name="project" value=":app" />
    </properties>
    <testcase name="recoveredDeletionConflictRemainsReachableAtLargeText" classname="com.whip.app.ui.TrackEntryDeleteRecoveryUiTest" time="7.923" />
    <testcase name="newOwnerCannotReplaceTheRestoredDeletionRevision" classname="com.whip.app.ui.TrackEntryDeleteRecoveryUiTest" time="8.653" />
  </testsuite>
</testsuites>