<?xml version='1.0' encoding='UTF-8' ?>
<testsuites tests="1" failures="0" errors="0" skipped="0" time="29.266" timestamp="2026-09-10T18:30:05" hostname="localhost">
  <testsuite name="com.whip.app.FiveThreeOneAuthorshipJourneyE2ETest" tests="1" failures="0" errors="0" skipped="0" time="28.204" timestamp="2026-09-10T18:30:05" hostname="localhost">
    <properties>
      <property name="device" value="whip_api34(AVD) - 14" />
      <property name="flavor" value="" />
      <property name="project" value=":app" />
    </properties>
    <testcase name="libraryCreationKeepsCustomOrderAndExerciseOwnedTrainingValues" classname="com.whip.app.FiveThreeOneAuthorshipJourneyE2ETest" time="28.204" />
  </testsuite>
</testsuites>
