<?xml version='1.0' encoding='UTF-8' ?>
<testsuites tests="1" failures="0" errors="0" skipped="0" time="13.777" timestamp="2026-09-10T08:30:08" hostname="localhost">
  <testsuite name="com.whip.app.VisualCatalogSharedShellTest" tests="1" failures="0" errors="0" skipped="0" time="12.697" timestamp="2026-09-10T08:30:08" hostname="localhost">
    <properties>
      <property name="device" value="whip_api34(AVD) - 14" />
      <property name="flavor" value="" />
      <property name="project" value=":app" />
    </properties>
    <testcase name="captureSharedShellCatalog" classname="com.whip.app.VisualCatalogSharedShellTest" time="12.697" />
  </testsuite>
</testsuites>
