<?xml version="1.0" encoding="UTF-8"?>
<testsuite name="com.whip.app.data.PortableBackupPolicyTest" tests="4" skipped="0" failures="0" errors="0" timestamp="2026-09-10T02:41:22.520Z" hostname="beast" time="0.006">
  <properties/>
  <testcase name="retentionIsClampedToAtLeastOneVerifiedBackup" classname="com.whip.app.data.PortableBackupPolicyTest" time="0.004"/>
  <testcase name="newlyWrittenBackupIsProtectedWhenProviderHasNoModifiedTimestamp" classname="com.whip.app.data.PortableBackupPolicyTest" time="0.001"/>
  <testcase name="retentionDeletesOnlyOldWhipBackups" classname="com.whip.app.data.PortableBackupPolicyTest" time="0.001"/>
  <testcase name="fileNameUsesSelectedZoneAndContainsNoProviderUnsafeCharacters" classname="com.whip.app.data.PortableBackupPolicyTest" time="0.0"/>
  <system-out><![CDATA[]]></system-out>
  <system-err><![CDATA[]]></system-err>
</testsuite>
