<?xml version="1.0" encoding="UTF-8"?>
<testsuite name="com.whip.app.ui.HabitTimerPresentationTest" tests="2" skipped="0" failures="0" errors="0" timestamp="2026-09-10T11:29:35.434Z" hostname="beast" time="0.093">
  <properties/>
  <testcase name="elapsedTimerFormattingUsesStableClockBoundaries" classname="com.whip.app.ui.HabitTimerPresentationTest" time="0.093"/>
  <testcase name="screenReaderDurationUsesSpokenUnitsInsteadOfPunctuation" classname="com.whip.app.ui.HabitTimerPresentationTest" time="0.0"/>
  <system-out><![CDATA[]]></system-out>
  <system-err><![CDATA[]]></system-err>
</testsuite>
