<?xml version="1.0" encoding="UTF-8"?>
<testsuite name="com.whip.app.core.AppSettingsTest" tests="13" skipped="0" failures="0" errors="0" timestamp="2026-09-10T02:25:03.754Z" hostname="beast" time="0.345">
  <properties/>
  <testcase name="restTimerPresetsAreValidatedSortedAndNeverEmpty" classname="com.whip.app.core.AppSettingsTest" time="0.065"/>
  <testcase name="changingTimeZoneRecomputesTodayWithoutWaitingForTheMinuteTicker" classname="com.whip.app.core.AppSettingsTest" time="0.239"/>
  <testcase name="normalizationKeepsAtLeastOneHomeSectionVisibleAndRepairsNumericDefaults" classname="com.whip.app.core.AppSettingsTest" time="0.011"/>
  <testcase name="hardSetChoicesRetainEveryCurrentWorkoutClassification" classname="com.whip.app.core.AppSettingsTest" time="0.001"/>
  <testcase name="configuredZoneAndLateNightCutoffDefineToday" classname="com.whip.app.core.AppSettingsTest" time="0.001"/>
  <testcase name="upcomingRepeatingTasksAreCompactByDefault" classname="com.whip.app.core.AppSettingsTest" time="0.0"/>
  <testcase name="calendarContextRetainsZoneChangesEvenWhenTheDateDoesNotChange" classname="com.whip.app.core.AppSettingsTest" time="0.008"/>
  <testcase name="explicitInvalidationRecomputesAFixedZoneAcrossTheLogicalBoundary" classname="com.whip.app.core.AppSettingsTest" time="0.013"/>
  <testcase name="defaultClockTodayUsesTheClockZone" classname="com.whip.app.core.AppSettingsTest" time="0.0"/>
  <testcase name="openingAreaCanFollowLastUsedOrKeepASeparateChosenDefault" classname="com.whip.app.core.AppSettingsTest" time="0.001"/>
  <testcase name="userFacingUnitNamesAreNormalizedToSupportedIds" classname="com.whip.app.core.AppSettingsTest" time="0.0"/>
  <testcase name="focusTimerIdentityAndDeadlineAreNormalizedAsOneState" classname="com.whip.app.core.AppSettingsTest" time="0.0"/>
  <testcase name="calendarContextDistinguishesPhysicalAndCutoffAdjustedDates" classname="com.whip.app.core.AppSettingsTest" time="0.001"/>
  <system-out><![CDATA[]]></system-out>
  <system-err><![CDATA[]]></system-err>
</testsuite>
