<?xml version="1.0" encoding="UTF-8"?>
<testsuite name="com.whip.app.ui.theme.WhipVisualLanguageTest" tests="6" skipped="0" failures="0" errors="0" timestamp="2026-09-10T19:49:22.269Z" hostname="beast" time="0.173">
  <properties/>
  <testcase name="destinationNavigationKeepsEveryPeerDirectAndStable" classname="com.whip.app.ui.theme.WhipVisualLanguageTest" time="0.001"/>
  <testcase name="workspaceDefinitionsRetainAllPeerDestinationsAsDirectNavigation" classname="com.whip.app.ui.theme.WhipVisualLanguageTest" time="0.003"/>
  <testcase name="screensCannotBypassSharedRectangularActionControls" classname="com.whip.app.ui.theme.WhipVisualLanguageTest" time="0.139"/>
  <testcase name="semanticRolesRemainDistinctAndMapToTheirMaterialMeaning" classname="com.whip.app.ui.theme.WhipVisualLanguageTest" time="0.024"/>
  <testcase name="componentShapesUseRestrainedRectangularCorners" classname="com.whip.app.ui.theme.WhipVisualLanguageTest" time="0.005"/>
  <testcase name="brandInkAndWarmWhiteHaveStrongTextContrast" classname="com.whip.app.ui.theme.WhipVisualLanguageTest" time="0.001"/>
  <system-out><![CDATA[]]></system-out>
  <system-err><![CDATA[]]></system-err>
</testsuite>
