<?xml version='1.0' encoding='UTF-8' ?>
<testsuites tests="2" failures="2" errors="0" skipped="0" time="22.362" timestamp="2026-09-10T08:37:06" hostname="localhost">
  <testsuite name="com.whip.app.ReviewJourneyE2ETest" tests="2" failures="2" errors="0" skipped="0" time="21.373" timestamp="2026-09-10T08:37:06" hostname="localhost">
    <properties>
      <property name="device" value="whip_api34(AVD) - 14" />
      <property name="flavor" value="" />
      <property name="project" value=":app" />
    </properties>
    <testcase name="archivedTaskAndHabitOutcomesRemainInReviewHistory" classname="com.whip.app.ReviewJourneyE2ETest" time="5.168">
      <failure>java.lang.AssertionError: Failed: assertExists.
Reason: Expected exactly '1' node but could not find any node that satisfies: (ContentDescription contains 'Tasks daily values:' (ignoreCase: false))

at androidx.compose.ui.test.SemanticsNodeInteraction.fetchOneOrThrow(SemanticsNodeInteraction.kt:178)
at androidx.compose.ui.test.SemanticsNodeInteraction.fetchOneOrThrow$default(SemanticsNodeInteraction.kt:150)
at androidx.compose.ui.test.SemanticsNodeInteraction.assertExists(SemanticsNodeInteraction.kt:125)
at androidx.compose.ui.test.SemanticsNodeInteraction.assertExists$default(SemanticsNodeInteraction.kt:124)
at com.whip.app.ReviewJourneyE2ETest.archivedTaskAndHabitOutcomesRemainInReviewHistory(ReviewJourneyE2ETest.kt:66)
</failure>
    </testcase>
    <testcase name="allTrackEvidenceKeepsItsScopeAcrossAreaReviewAndRecreation" classname="com.whip.app.ReviewJourneyE2ETest" time="16.205">
      <failure>androidx.compose.ui.test.ComposeTimeoutException: Condition still not satisfied after 15000 ms
at androidx.compose.ui.test.AndroidComposeUiTestEnvironment$AndroidComposeUiTestImpl.waitUntil(ComposeUiTest.android.kt:901)
at androidx.compose.ui.test.junit4.AndroidComposeTestRule.waitUntil(AndroidComposeTestRule.android.kt:500)
at com.whip.app.ReviewJourneyE2ETest.openReview(ReviewJourneyE2ETest.kt:74)
at com.whip.app.ReviewJourneyE2ETest.allTrackEvidenceKeepsItsScopeAcrossAreaReviewAndRecreation(ReviewJourneyE2ETest.kt:39)
</failure>
    </testcase>
  </testsuite>
</testsuites>
