<?xml version='1.0' encoding='UTF-8' ?>
<testsuites tests="4" failures="0" errors="0" skipped="0" time="71.917" timestamp="2026-09-10T01:38:58" hostname="localhost">
  <testsuite name="com.whip.app.TrackFieldEditingJourneyE2ETest" tests="4" failures="0" errors="0" skipped="0" time="70.906" timestamp="2026-09-10T01:38:58" hostname="localhost">
    <properties>
      <property name="device" value="whip_api34(AVD) - 14" />
      <property name="flavor" value="" />
      <property name="project" value=":app" />
    </properties>
    <testcase name="scaleAndUnitChangesPreserveExistingValues" classname="com.whip.app.TrackFieldEditingJourneyE2ETest" time="29.275" />
    <testcase name="scaleAndUnitChangesPreserveExistingValuesAtLargeText" classname="com.whip.app.TrackFieldEditingJourneyE2ETest" time="20.403" />
    <testcase name="choiceLabelsAreValidatedBeforeLeavingTheFieldAtLargeText" classname="com.whip.app.TrackFieldEditingJourneyE2ETest" time="11.5" />
    <testcase name="choiceLabelsAreValidatedBeforeLeavingTheField" classname="com.whip.app.TrackFieldEditingJourneyE2ETest" time="9.728" />
  </testsuite>
</testsuites>
