<?xml version='1.0' encoding='UTF-8' ?>
<testsuites tests="22" failures="0" errors="0" skipped="0" time="37.3" timestamp="2026-09-09T17:29:02" hostname="localhost">
  <testsuite name="com.whip.app.TrackRepositoryTest" tests="11" failures="0" errors="0" skipped="0" time="3.749" timestamp="2026-09-09T17:29:02" hostname="localhost">
    <properties>
      <property name="device" value="whip_api34(AVD) - 14" />
      <property name="flavor" value="" />
      <property name="project" value=":app" />
    </properties>
    <testcase name="csvSizeGuardCountsAsciiTwoByteThreeByteAndSurrogateUtf8Exactly" classname="com.whip.app.TrackRepositoryTest" time="0.09" />
    <testcase name="crudSearchCsvAndDestructiveChoiceConfirmationPreserveIdentity" classname="com.whip.app.TrackRepositoryTest" time="0.178" />
    <testcase name="replacingAChoiceRetargetsEntriesWithoutChangingTheirIdentity" classname="com.whip.app.TrackRepositoryTest" time="0.102" />
    <testcase name="csvExportEscapesAndFormatsEveryValueTypeAtItsExactUtf8Boundary" classname="com.whip.app.TrackRepositoryTest" time="0.076" />
    <testcase name="identityOnlyEditSkipsSchemaInvalidation" classname="com.whip.app.TrackRepositoryTest" time="0.102" />
    <testcase name="reorderNormalizesOmittedArchivedTracksWithoutDuplicatePositions" classname="com.whip.app.TrackRepositoryTest" time="0.052" />
    <testcase name="projectionsNeverExposeATrackBeforeItsRequiredFields" classname="com.whip.app.TrackRepositoryTest" time="0.051" />
    <testcase name="largeTrackHistoryIsReadThroughStableBoundedRepositoryPages" classname="com.whip.app.TrackRepositoryTest" time="2.867" />
    <testcase name="duplicatePreservesCompleteTypedDefinitionWithFreshIdentitiesAndNoHistory" classname="com.whip.app.TrackRepositoryTest" time="0.102" />
    <testcase name="compositeEntryIdentityAndInlineLabelRoundTripWithoutSilentClearing" classname="com.whip.app.TrackRepositoryTest" time="0.052" />
    <testcase name="fractionalScaleRoundTripsThroughStorageCsvAnalyticsAndSchemaEdits" classname="com.whip.app.TrackRepositoryTest" time="0.077" />
  </testsuite>
  <testsuite name="com.whip.app.TrackWorkspaceUiTest" tests="7" failures="0" errors="0" skipped="0" time="14.797" timestamp="2026-09-09T17:29:02" hostname="localhost">
    <properties>
      <property name="device" value="whip_api34(AVD) - 14" />
      <property name="flavor" value="" />
      <property name="project" value=":app" />
    </properties>
    <testcase name="trackSelectionUsesOneCheckboxSemanticOwner" classname="com.whip.app.TrackWorkspaceUiTest" time="1.763" />
    <testcase name="tracksAndEntriesHaveOneExplicitSearchOwnerAndArchivedResultsReturnToArchive" classname="com.whip.app.TrackWorkspaceUiTest" time="5.986" />
    <testcase name="activityFiltersAndCrossTrackInsightsUseVisibleTrackData" classname="com.whip.app.TrackWorkspaceUiTest" time="3.75" />
    <testcase name="adaptiveMasterPaneReorderKeepsItsDedicatedControls" classname="com.whip.app.TrackWorkspaceUiTest" time="0.478" />
    <testcase name="tracksWorkspaceRemainsNavigableInRtlAtTwoHundredPercentText" classname="com.whip.app.TrackWorkspaceUiTest" time="1.232" />
    <testcase name="archivedTrackSummaryOmitsUnavailableAddAction" classname="com.whip.app.TrackWorkspaceUiTest" time="0.506" />
    <testcase name="trackSummaryRowsKeepLatestAddAndEditActions" classname="com.whip.app.TrackWorkspaceUiTest" time="1.082" />
  </testsuite>
  <testsuite name="com.whip.app.WhipNavigationTest" tests="4" failures="0" errors="0" skipped="0" time="17.59" timestamp="2026-09-09T17:29:02" hostname="localhost">
    <properties>
      <property name="device" value="whip_api34(AVD) - 14" />
      <property name="flavor" value="" />
      <property name="project" value=":app" />
    </properties>
    <testcase name="switchingPrimaryAreasPreservesEachAreasLastHeading" classname="com.whip.app.WhipNavigationTest" time="2.641" />
    <testcase name="primaryAreasAndAccessibleTopActionsAreReachable" classname="com.whip.app.WhipNavigationTest" time="3.824" />
    <testcase name="everyFirstClassDestinationIsReachableThroughVisibleNavigation" classname="com.whip.app.WhipNavigationTest" time="9.085" />
    <testcase name="homeEntityInspectorsPreserveTheHomeDestination" classname="com.whip.app.WhipNavigationTest" time="2.04" />
  </testsuite>
</testsuites>