<?xml version="1.0" encoding="UTF-8"?>
<testsuite name="com.whip.app.domain.HabitTimerDomainTest" tests="3" skipped="0" failures="0" errors="0" timestamp="2026-09-10T13:51:03.395Z" hostname="beast" time="0.005">
  <properties/>
  <testcase name="stopAndReviewOutcomesKeepCanonicalSecondsAndResolutionIntent" classname="com.whip.app.domain.HabitTimerDomainTest" time="0.003"/>
  <testcase name="startOutcomesDistinguishCreatedRunningAndConsumedRequests" classname="com.whip.app.domain.HabitTimerDomainTest" time="0.001"/>
  <testcase name="boundaryAndStartRequestRetainExactActionIdentity" classname="com.whip.app.domain.HabitTimerDomainTest" time="0.0"/>
  <system-out><![CDATA[]]></system-out>
  <system-err><![CDATA[]]></system-err>
</testsuite>
