<?xml version="1.0" encoding="UTF-8"?>
<testsuite name="com.whip.app.domain.GoalRulesTest" tests="17" skipped="0" failures="0" errors="0" timestamp="2026-09-10T08:14:45.900Z" hostname="beast" time="0.05">
  <properties/>
  <testcase name="rollingAverageOnlyUsesConfiguredWindow" classname="com.whip.app.domain.GoalRulesTest" time="0.01"/>
  <testcase name="consistencyCountsSuccessfulPeriodsRatherThanRawEvents" classname="com.whip.app.domain.GoalRulesTest" time="0.004"/>
  <testcase name="elapsedCounterSupportsEveryRequestedViewAndAutomaticScale" classname="com.whip.app.domain.GoalRulesTest" time="0.003"/>
  <testcase name="elapsedGoalHasNoSyntheticProgressOrOutcome" classname="com.whip.app.domain.GoalRulesTest" time="0.0"/>
  <testcase name="insightTimelineCoversReachReduceRangeAverageConsistencyAndOpenTrend" classname="com.whip.app.domain.GoalRulesTest" time="0.004"/>
  <testcase name="baselineEqualTargetIsDefined" classname="com.whip.app.domain.GoalRulesTest" time="0.0"/>
  <testcase name="weightedMilestonesAndOpenTrendBehaveDifferently" classname="com.whip.app.domain.GoalRulesTest" time="0.0"/>
  <testcase name="insightQualityExplainsExcludedDataAndLargeHistoryStaysComplete" classname="com.whip.app.domain.GoalRulesTest" time="0.021"/>
  <testcase name="emptyInsightUsesSingularFallbackSourceTypeCopy" classname="com.whip.app.domain.GoalRulesTest" time="0.001"/>
  <testcase name="increasingAndDecreasingProgressUseBaseline" classname="com.whip.app.domain.GoalRulesTest" time="0.0"/>
  <testcase name="goalTypeRemovesAHiddenAggregationWindow" classname="com.whip.app.domain.GoalRulesTest" time="0.002"/>
  <testcase name="paceAndForecastAreDeterministic" classname="com.whip.app.domain.GoalRulesTest" time="0.0"/>
  <testcase name="elapsedDisplaySupportsAnyCanonicalUnitCombinationWithCalendarMonths" classname="com.whip.app.domain.GoalRulesTest" time="0.002"/>
  <testcase name="goalDraftValidationExplainsRequiredAndInvalidFieldsBeforePersistence" classname="com.whip.app.domain.GoalRulesTest" time="0.0"/>
  <testcase name="timeInRangeProgressUsesObservedPercentage" classname="com.whip.app.domain.GoalRulesTest" time="0.0"/>
  <testcase name="goalTypeNormalizesCalculationDirectionAndDeadlinePace" classname="com.whip.app.domain.GoalRulesTest" time="0.001"/>
  <testcase name="elapsedDisplayStorageMigratesLegacyChoicesAndRejectsInvalidCombinations" classname="com.whip.app.domain.GoalRulesTest" time="0.001"/>
  <system-out><![CDATA[]]></system-out>
  <system-err><![CDATA[]]></system-err>
</testsuite>
